2017-08-27 19:04:17,884 INFO  - ICSPClient.Connect: StartClient: Host=172.16.16.101, Port=1319
2017-08-27 19:04:17,991 INFO  - ICSPClient.Connect: Client connected: 172.16.16.101:1319
2017-08-27 19:04:18,066 DEBUG - ICSPClient.Send[1]: MessageId=0x0001, Type=MsgCmdDynamicDeviceAddressRequest
2017-08-27 19:04:18,069 DEBUG - ICSPClient.Send[2]: Source=32001:000:000, Dest=00000:000:000
2017-08-27 19:04:18,197 DEBUG - ICSPManager.OnDataReceived: 94 Bytes
2017-08-27 19:04:18,262 DEBUG - -----------------------------------------------------------
2017-08-27 19:04:18,262 DEBUG - ICSPMsg Type     : MsgCmdDeviceInfo
2017-08-27 19:04:18,263 DEBUG - ICSPMsg Protocol : 2
2017-08-27 19:04:18,264 DEBUG - ICSPMsg Length   : 90
2017-08-27 19:04:18,284 DEBUG - ICSPMsg Flag     : 512
2017-08-27 19:04:18,284 DEBUG - ICSPMsg Dest     : 00000:001:000
2017-08-27 19:04:18,285 DEBUG - ICSPMsg Source   : 00000:001:001
2017-08-27 19:04:18,286 DEBUG - ICSPMsg Hop      : 15
2017-08-27 19:04:18,287 DEBUG - ICSPMsg MessageId: 0xFF81
2017-08-27 19:04:18,289 DEBUG - ICSPMsg Command  : 0x0097 (Device Info)
2017-08-27 19:04:18,289 DEBUG - ICSPMsg Checksum : 0x009C (Valid)
2017-08-27 19:04:18,302 DEBUG - MsgCmdDeviceInfo Device          : 00000
2017-08-27 19:04:18,303 DEBUG - MsgCmdDeviceInfo System          : 1
2017-08-27 19:04:18,304 DEBUG - MsgCmdDeviceInfo Flag            : 4
2017-08-27 19:04:18,305 DEBUG - MsgCmdDeviceInfo ObjectID        : 0
2017-08-27 19:04:18,306 DEBUG - MsgCmdDeviceInfo ParentID        : 0
2017-08-27 19:04:18,312 DEBUG - MsgCmdDeviceInfo MfgID           : 1
2017-08-27 19:04:18,315 DEBUG - MsgCmdDeviceInfo DeviceID        : 0x012A
2017-08-27 19:04:18,319 DEBUG - MsgCmdDeviceInfo SerialNumber    : 210570x32c0089
2017-08-27 19:04:18,320 DEBUG - MsgCmdDeviceInfo FWID            : 0x0155
2017-08-27 19:04:18,321 DEBUG - MsgCmdDeviceInfo Version         : v4.1.373
2017-08-27 19:04:18,322 DEBUG - MsgCmdDeviceInfo Name            : NI Master
2017-08-27 19:04:18,323 DEBUG - MsgCmdDeviceInfo Manufacture     : AMX LLC
2017-08-27 19:04:18,324 DEBUG - MsgCmdDeviceInfo ExtAddressType  : 0x06 (IPv4, Port, MAC)
2017-08-27 19:04:18,325 DEBUG - MsgCmdDeviceInfo ExtAddressLength: 12
2017-08-27 19:04:18,327 DEBUG - MsgCmdDeviceInfo IPv4Address     : 172.16.16.101
2017-08-27 19:04:18,328 DEBUG - MsgCmdDeviceInfo IpPort          : 1319
2017-08-27 19:04:18,340 DEBUG - MsgCmdDeviceInfo MacAddress      : 00:60:9F:97:97:DA
2017-08-27 19:04:18,356 DEBUG - -----------------------------------------------------------
2017-08-27 19:04:18,400 DEBUG - ICSPManager.OnDataReceived: 289 Bytes
2017-08-27 19:04:18,401 DEBUG - -----------------------------------------------------------
2017-08-27 19:04:18,402 DEBUG - ICSPMsg Type     : MsgCmdDeviceInfo
2017-08-27 19:04:18,403 DEBUG - ICSPMsg Protocol : 2
2017-08-27 19:04:18,404 DEBUG - ICSPMsg Length   : 82
2017-08-27 19:04:18,405 DEBUG - ICSPMsg Flag     : 512
2017-08-27 19:04:18,406 DEBUG - ICSPMsg Dest     : 00000:001:000
2017-08-27 19:04:18,406 DEBUG - ICSPMsg Source   : 00000:001:001
2017-08-27 19:04:18,408 DEBUG - ICSPMsg Hop      : 15
2017-08-27 19:04:18,410 DEBUG - ICSPMsg MessageId: 0xFF82
2017-08-27 19:04:18,411 DEBUG - ICSPMsg Command  : 0x0097 (Device Info)
2017-08-27 19:04:18,412 DEBUG - ICSPMsg Checksum : 0x004E (Valid)
2017-08-27 19:04:18,413 DEBUG - MsgCmdDeviceInfo Device          : 00000
2017-08-27 19:04:18,414 DEBUG - MsgCmdDeviceInfo System          : 1
2017-08-27 19:04:18,415 DEBUG - MsgCmdDeviceInfo Flag            : 4
2017-08-27 19:04:18,416 DEBUG - MsgCmdDeviceInfo ObjectID        : 1
2017-08-27 19:04:18,416 DEBUG - MsgCmdDeviceInfo ParentID        : 0
2017-08-27 19:04:18,417 DEBUG - MsgCmdDeviceInfo MfgID           : 1
2017-08-27 19:04:18,418 DEBUG - MsgCmdDeviceInfo DeviceID        : 0x012A
2017-08-27 19:04:18,419 DEBUG - MsgCmdDeviceInfo SerialNumber    : N/A
2017-08-27 19:04:18,420 DEBUG - MsgCmdDeviceInfo FWID            : 0x0280
2017-08-27 19:04:18,421 DEBUG - MsgCmdDeviceInfo Version         : v4.1.373
2017-08-27 19:04:18,422 DEBUG - MsgCmdDeviceInfo Name            : vxWorks Image
2017-08-27 19:04:18,423 DEBUG - MsgCmdDeviceInfo Manufacture     : AMX LLC
2017-08-27 19:04:18,479 DEBUG - MsgCmdDeviceInfo ExtAddressLength: 0
2017-08-27 19:04:18,480 DEBUG - -----------------------------------------------------------
2017-08-27 19:04:18,481 DEBUG - ICSPMsg Type     : MsgCmdDeviceInfo
2017-08-27 19:04:18,481 DEBUG - ICSPMsg Protocol : 2
2017-08-27 19:04:18,482 DEBUG - ICSPMsg Length   : 76
2017-08-27 19:04:18,483 DEBUG - ICSPMsg Flag     : 512
2017-08-27 19:04:18,484 DEBUG - ICSPMsg Dest     : 00000:001:000
2017-08-27 19:04:18,484 DEBUG - ICSPMsg Source   : 00000:001:001
2017-08-27 19:04:18,485 DEBUG - ICSPMsg Hop      : 15
2017-08-27 19:04:18,486 DEBUG - ICSPMsg MessageId: 0xFF83
2017-08-27 19:04:18,487 DEBUG - ICSPMsg Command  : 0x0097 (Device Info)
2017-08-27 19:04:18,487 DEBUG - ICSPMsg Checksum : 0x00C7 (Valid)
2017-08-27 19:04:18,488 DEBUG - MsgCmdDeviceInfo Device          : 00000
2017-08-27 19:04:18,489 DEBUG - MsgCmdDeviceInfo System          : 1
2017-08-27 19:04:18,490 DEBUG - MsgCmdDeviceInfo Flag            : 4
2017-08-27 19:04:18,490 DEBUG - MsgCmdDeviceInfo ObjectID        : 2
2017-08-27 19:04:18,491 DEBUG - MsgCmdDeviceInfo ParentID        : 0
2017-08-27 19:04:18,492 DEBUG - MsgCmdDeviceInfo MfgID           : 1
2017-08-27 19:04:18,493 DEBUG - MsgCmdDeviceInfo DeviceID        : 0x012A
2017-08-27 19:04:18,494 DEBUG - MsgCmdDeviceInfo SerialNumber    : N/A
2017-08-27 19:04:18,494 DEBUG - MsgCmdDeviceInfo FWID            : 0x0282
2017-08-27 19:04:18,495 DEBUG - MsgCmdDeviceInfo Version         : v4.1.373
2017-08-27 19:04:18,496 DEBUG - MsgCmdDeviceInfo Name            : BootROM
2017-08-27 19:04:18,496 DEBUG - MsgCmdDeviceInfo Manufacture     : AMX LLC
2017-08-27 19:04:18,533 DEBUG - MsgCmdDeviceInfo ExtAddressLength: 0
2017-08-27 19:04:18,534 DEBUG - -----------------------------------------------------------
2017-08-27 19:04:18,536 DEBUG - ICSPMsg Type     : MsgCmdDeviceInfo
2017-08-27 19:04:18,540 DEBUG - ICSPMsg Protocol : 2
2017-08-27 19:04:18,541 DEBUG - ICSPMsg Length   : 92
2017-08-27 19:04:18,547 DEBUG - ICSPMsg Flag     : 512
2017-08-27 19:04:18,548 DEBUG - ICSPMsg Dest     : 00000:001:000
2017-08-27 19:04:18,548 DEBUG - ICSPMsg Source   : 00000:001:001
2017-08-27 19:04:18,549 DEBUG - ICSPMsg Hop      : 15
2017-08-27 19:04:18,551 DEBUG - ICSPMsg MessageId: 0xFF84
2017-08-27 19:04:18,552 DEBUG - ICSPMsg Command  : 0x0097 (Device Info)
2017-08-27 19:04:18,553 DEBUG - ICSPMsg Checksum : 0x0025 (Valid)
2017-08-27 19:04:18,554 DEBUG - MsgCmdDeviceInfo Device          : 00000
2017-08-27 19:04:18,555 DEBUG - MsgCmdDeviceInfo System          : 1
2017-08-27 19:04:18,558 DEBUG - MsgCmdDeviceInfo Flag            : 4
2017-08-27 19:04:18,562 DEBUG - MsgCmdDeviceInfo ObjectID        : 3
2017-08-27 19:04:18,563 DEBUG - MsgCmdDeviceInfo ParentID        : 0
2017-08-27 19:04:18,564 DEBUG - MsgCmdDeviceInfo MfgID           : 1
2017-08-27 19:04:18,565 DEBUG - MsgCmdDeviceInfo DeviceID        : 0x0100
2017-08-27 19:04:18,566 DEBUG - MsgCmdDeviceInfo SerialNumber    : 0000000000000000
2017-08-27 19:04:18,568 DEBUG - MsgCmdDeviceInfo FWID            : 0x010E
2017-08-27 19:04:18,569 DEBUG - MsgCmdDeviceInfo Version         : v1.30.8
2017-08-27 19:04:18,570 DEBUG - MsgCmdDeviceInfo Name            : AXLink I/F uController
2017-08-27 19:04:18,571 DEBUG - MsgCmdDeviceInfo Manufacture     : AMX LLC
2017-08-27 19:04:18,572 DEBUG - MsgCmdDeviceInfo ExtAddressType  : 0x03 (AXLink)
2017-08-27 19:04:18,573 DEBUG - MsgCmdDeviceInfo ExtAddressLength: 0
2017-08-27 19:04:18,575 DEBUG - -----------------------------------------------------------
2017-08-27 19:04:18,577 DEBUG - ICSPMsg Type     : MsgCmdDynamicDeviceAddressResponse
2017-08-27 19:04:18,578 DEBUG - ICSPMsg Protocol : 2
2017-08-27 19:04:18,580 DEBUG - ICSPMsg Length   : 23
2017-08-27 19:04:18,582 DEBUG - ICSPMsg Flag     : 512
2017-08-27 19:04:18,584 DEBUG - ICSPMsg Dest     : 32002:000:001
2017-08-27 19:04:18,585 DEBUG - ICSPMsg Source   : 00000:001:001
2017-08-27 19:04:18,586 DEBUG - ICSPMsg Hop      : 15
2017-08-27 19:04:18,587 DEBUG - ICSPMsg MessageId: 0xFF85
2017-08-27 19:04:18,588 DEBUG - ICSPMsg Command  : 0x0503 (Dynamic Device Address Response)
2017-08-27 19:04:18,588 DEBUG - ICSPMsg Checksum : 0x00B8 (Valid)
2017-08-27 19:04:18,590 DEBUG - MsgCmdDynamicDeviceAddressResponse Device: 32002
2017-08-27 19:04:18,590 DEBUG - MsgCmdDynamicDeviceAddressResponse System: 1
2017-08-27 19:04:18,591 DEBUG - -----------------------------------------------------------
2017-08-27 19:04:18,605 DEBUG - ICSPClient.Send[1]: MessageId=0x0002, Type=MsgCmdDeviceInfo
2017-08-27 19:04:18,605 DEBUG - ICSPClient.Send[2]: Source=32002:000:001, Dest=00000:001:001
2017-08-27 19:04:18,617 DEBUG - ICSPClient.Send[1]: MessageId=0x0003, Type=MsgCmdDeviceInfo
2017-08-27 19:04:18,620 DEBUG - ICSPClient.Send[2]: Source=15000:000:001, Dest=00000:001:001
2017-08-27 19:04:18,628 DEBUG - ICSPClient.Send[1]: MessageId=0x0004, Type=MsgCmdPortCountBy
2017-08-27 19:04:18,631 DEBUG - ICSPClient.Send[2]: Source=32002:001:001, Dest=00000:000:001
2017-08-27 19:04:18,634 DEBUG - ICSPManager.OnDataReceived: 46 Bytes
2017-08-27 19:04:18,638 DEBUG - -----------------------------------------------------------
2017-08-27 19:04:18,639 DEBUG - ICSPMsg Type     : MsgCmdAck
2017-08-27 19:04:18,639 DEBUG - ICSPMsg Protocol : 2
2017-08-27 19:04:18,640 DEBUG - ICSPMsg Length   : 19
2017-08-27 19:04:18,644 DEBUG - ICSPMsg Flag     : 520
2017-08-27 19:04:18,648 DEBUG - ICSPMsg Dest     : 32002:000:001
2017-08-27 19:04:18,649 DEBUG - ICSPMsg Source   : 00000:001:001
2017-08-27 19:04:18,650 DEBUG - ICSPMsg Hop      : 15
2017-08-27 19:04:18,652 DEBUG - ICSPMsg MessageId: 0x0002
2017-08-27 19:04:18,653 DEBUG - ICSPMsg Command  : 0x0001 (Ack)
2017-08-27 19:04:18,654 DEBUG - ICSPMsg Checksum : 0x00B3 (Valid)
2017-08-27 19:04:18,655 DEBUG - MsgCmdAck ID: 2
2017-08-27 19:04:18,656 DEBUG - -----------------------------------------------------------
2017-08-27 19:04:18,657 DEBUG - ICSPMsg Type     : MsgCmdAck
2017-08-27 19:04:18,659 DEBUG - ICSPMsg Protocol : 2
2017-08-27 19:04:18,661 DEBUG - ICSPMsg Length   : 19
2017-08-27 19:04:18,663 DEBUG - ICSPMsg Flag     : 520
2017-08-27 19:04:18,665 DEBUG - ICSPMsg Dest     : 15000:000:001
2017-08-27 19:04:18,667 DEBUG - ICSPMsg Source   : 00000:001:001
2017-08-27 19:04:18,669 DEBUG - ICSPMsg Hop      : 15
2017-08-27 19:04:18,670 DEBUG - ICSPMsg MessageId: 0x0003
2017-08-27 19:04:18,672 DEBUG - ICSPMsg Command  : 0x0001 (Ack)
2017-08-27 19:04:18,674 DEBUG - ICSPMsg Checksum : 0x0007 (Valid)
2017-08-27 19:04:18,676 DEBUG - MsgCmdAck ID: 3
2017-08-27 19:04:18,677 DEBUG - -----------------------------------------------------------
2017-08-27 19:04:20,109 DEBUG - ICSPManager.OnDataReceived: 78 Bytes
2017-08-27 19:04:20,116 DEBUG - -----------------------------------------------------------
2017-08-27 19:04:20,117 DEBUG - ICSPMsg Type     : MsgCmdBlinkMessage
2017-08-27 19:04:20,119 DEBUG - ICSPMsg Protocol : 2
2017-08-27 19:04:20,121 DEBUG - ICSPMsg Length   : 74
2017-08-27 19:04:20,122 DEBUG - ICSPMsg Flag     : 513
2017-08-27 19:04:20,124 DEBUG - ICSPMsg Dest     : 00000:000:001
2017-08-27 19:04:20,126 DEBUG - ICSPMsg Source   : 00000:001:001
2017-08-27 19:04:20,127 DEBUG - ICSPMsg Hop      : 15
2017-08-27 19:04:20,129 DEBUG - ICSPMsg MessageId: 0x0000
2017-08-27 19:04:20,130 DEBUG - ICSPMsg Command  : 0x0502 (Blink Message)
2017-08-27 19:04:20,131 DEBUG - ICSPMsg Checksum : 0x00B7 (Valid)
2017-08-27 19:04:20,137 DEBUG - MsgCmdBlinkMessage HeartbeatTiming   : 50
2017-08-27 19:04:20,138 DEBUG - MsgCmdBlinkMessage LED               : 33 (LED On)
2017-08-27 19:04:20,139 DEBUG - MsgCmdBlinkMessage DateTime          : 27.08.2017 18:00:47
2017-08-27 19:04:20,140 DEBUG - MsgCmdBlinkMessage DayOfWeek         : 0 (Sunday)
2017-08-27 19:04:20,141 DEBUG - MsgCmdBlinkMessage OutsideTemperature: 0x8000 (Invalid)
2017-08-27 19:04:20,142 DEBUG - MsgCmdBlinkMessage DateText          : Sunday, Aug 27, 2017
2017-08-27 19:04:20,143 DEBUG - -----------------------------------------------------------
2017-08-27 19:04:22,729 DEBUG - ICSPManager.OnDataReceived: 27 Bytes
2017-08-27 19:04:22,731 DEBUG - MsgCmdPingRequest: Dest=15000:1
2017-08-27 19:04:22,735 DEBUG - ICSPClient.Send[1]: MessageId=0x0005, Type=MsgCmdPingResponse
2017-08-27 19:04:22,736 DEBUG - ICSPClient.Send[2]: Source=15000:000:001, Dest=00000:000:000
2017-08-27 19:04:22,743 DEBUG - ICSPManager.OnDataReceived: 27 Bytes
2017-08-27 19:04:22,744 DEBUG - MsgCmdPingRequest: Dest=32002:1
2017-08-27 19:04:22,744 DEBUG - ICSPClient.Send[1]: MessageId=0x0006, Type=MsgCmdPingResponse
2017-08-27 19:04:22,745 DEBUG - ICSPClient.Send[2]: Source=32002:000:001, Dest=00000:000:000
2017-08-27 19:04:25,103 DEBUG - ICSPManager.OnDataReceived: 78 Bytes
2017-08-27 19:04:25,110 DEBUG - -----------------------------------------------------------
2017-08-27 19:04:25,110 DEBUG - ICSPMsg Type     : MsgCmdBlinkMessage
2017-08-27 19:04:25,111 DEBUG - ICSPMsg Protocol : 2
2017-08-27 19:04:25,112 DEBUG - ICSPMsg Length   : 74
2017-08-27 19:04:25,112 DEBUG - ICSPMsg Flag     : 513
2017-08-27 19:04:25,113 DEBUG - ICSPMsg Dest     : 00000:000:001
2017-08-27 19:04:25,113 DEBUG - ICSPMsg Source   : 00000:001:001
2017-08-27 19:04:25,114 DEBUG - ICSPMsg Hop      : 15
2017-08-27 19:04:25,114 DEBUG - ICSPMsg MessageId: 0x0000
2017-08-27 19:04:25,115 DEBUG - ICSPMsg Command  : 0x0502 (Blink Message)
2017-08-27 19:04:25,115 DEBUG - ICSPMsg Checksum : 0x00BA (Valid)
2017-08-27 19:04:25,116 DEBUG - MsgCmdBlinkMessage HeartbeatTiming   : 50
2017-08-27 19:04:25,116 DEBUG - MsgCmdBlinkMessage LED               : 32 (LED Off)
2017-08-27 19:04:25,117 DEBUG - MsgCmdBlinkMessage DateTime          : 27.08.2017 18:00:51
2017-08-27 19:04:25,120 DEBUG - MsgCmdBlinkMessage DayOfWeek         : 0 (Sunday)
2017-08-27 19:04:25,121 DEBUG - MsgCmdBlinkMessage OutsideTemperature: 0x8000 (Invalid)
2017-08-27 19:04:25,121 DEBUG - MsgCmdBlinkMessage DateText          : Sunday, Aug 27, 2017
2017-08-27 19:04:25,122 DEBUG - -----------------------------------------------------------
2017-08-27 19:04:27,744 DEBUG - ICSPManager.OnDataReceived: 27 Bytes
2017-08-27 19:04:27,746 DEBUG - MsgCmdPingRequest: Dest=15000:1
2017-08-27 19:04:27,748 DEBUG - ICSPClient.Send[1]: MessageId=0x0007, Type=MsgCmdPingResponse
2017-08-27 19:04:27,750 DEBUG - ICSPClient.Send[2]: Source=15000:000:001, Dest=00000:000:000
2017-08-27 19:04:27,754 DEBUG - ICSPManager.OnDataReceived: 27 Bytes
2017-08-27 19:04:27,755 DEBUG - MsgCmdPingRequest: Dest=32002:1
2017-08-27 19:04:27,757 DEBUG - ICSPClient.Send[1]: MessageId=0x0008, Type=MsgCmdPingResponse
2017-08-27 19:04:27,758 DEBUG - ICSPClient.Send[2]: Source=32002:000:001, Dest=00000:000:000
2017-08-27 19:04:30,104 DEBUG - ICSPManager.OnDataReceived: 78 Bytes
2017-08-27 19:04:30,105 DEBUG - -----------------------------------------------------------
2017-08-27 19:04:30,106 DEBUG - ICSPMsg Type     : MsgCmdBlinkMessage
2017-08-27 19:04:30,108 DEBUG - ICSPMsg Protocol : 2
2017-08-27 19:04:30,109 DEBUG - ICSPMsg Length   : 74
2017-08-27 19:04:30,110 DEBUG - ICSPMsg Flag     : 513
2017-08-27 19:04:30,112 DEBUG - ICSPMsg Dest     : 00000:000:001
2017-08-27 19:04:30,113 DEBUG - ICSPMsg Source   : 00000:001:001
2017-08-27 19:04:30,115 DEBUG - ICSPMsg Hop      : 15
2017-08-27 19:04:30,116 DEBUG - ICSPMsg MessageId: 0x0000
2017-08-27 19:04:30,118 DEBUG - ICSPMsg Command  : 0x0502 (Blink Message)
2017-08-27 19:04:30,119 DEBUG - ICSPMsg Checksum : 0x00C0 (Valid)
2017-08-27 19:04:30,120 DEBUG - MsgCmdBlinkMessage HeartbeatTiming   : 50
2017-08-27 19:04:30,121 DEBUG - MsgCmdBlinkMessage LED               : 33 (LED On)
2017-08-27 19:04:30,122 DEBUG - MsgCmdBlinkMessage DateTime          : 27.08.2017 18:00:56
2017-08-27 19:04:30,123 DEBUG - MsgCmdBlinkMessage DayOfWeek         : 0 (Sunday)
2017-08-27 19:04:30,124 DEBUG - MsgCmdBlinkMessage OutsideTemperature: 0x8000 (Invalid)
2017-08-27 19:04:30,125 DEBUG - MsgCmdBlinkMessage DateText          : Sunday, Aug 27, 2017
2017-08-27 19:04:30,126 DEBUG - -----------------------------------------------------------
2017-08-27 19:04:32,740 DEBUG - ICSPManager.OnDataReceived: 27 Bytes
2017-08-27 19:04:32,746 DEBUG - MsgCmdPingRequest: Dest=15000:1
2017-08-27 19:04:32,746 DEBUG - ICSPClient.Send[1]: MessageId=0x0009, Type=MsgCmdPingResponse
2017-08-27 19:04:32,747 DEBUG - ICSPClient.Send[2]: Source=15000:000:001, Dest=00000:000:000
2017-08-27 19:04:32,749 DEBUG - ICSPManager.OnDataReceived: 27 Bytes
2017-08-27 19:04:32,750 DEBUG - MsgCmdPingRequest: Dest=32002:1
2017-08-27 19:04:32,751 DEBUG - ICSPClient.Send[1]: MessageId=0x000A, Type=MsgCmdPingResponse
2017-08-27 19:04:32,751 DEBUG - ICSPClient.Send[2]: Source=32002:000:001, Dest=00000:000:000
2017-08-27 19:04:35,098 DEBUG - ICSPManager.OnDataReceived: 78 Bytes
2017-08-27 19:04:35,125 DEBUG - -----------------------------------------------------------
2017-08-27 19:04:35,126 DEBUG - ICSPMsg Type     : MsgCmdBlinkMessage
2017-08-27 19:04:35,127 DEBUG - ICSPMsg Protocol : 2
2017-08-27 19:04:35,129 DEBUG - ICSPMsg Length   : 74
2017-08-27 19:04:35,130 DEBUG - ICSPMsg Flag     : 513
2017-08-27 19:04:35,131 DEBUG - ICSPMsg Dest     : 00000:000:001
2017-08-27 19:04:35,132 DEBUG - ICSPMsg Source   : 00000:001:001
2017-08-27 19:04:35,133 DEBUG - ICSPMsg Hop      : 15
2017-08-27 19:04:35,133 DEBUG - ICSPMsg MessageId: 0x0000
2017-08-27 19:04:35,134 DEBUG - ICSPMsg Command  : 0x0502 (Blink Message)
2017-08-27 19:04:35,135 DEBUG - ICSPMsg Checksum : 0x0089 (Valid)
2017-08-27 19:04:35,136 DEBUG - MsgCmdBlinkMessage HeartbeatTiming   : 50
2017-08-27 19:04:35,137 DEBUG - MsgCmdBlinkMessage LED               : 32 (LED Off)
2017-08-27 19:04:35,138 DEBUG - MsgCmdBlinkMessage DateTime          : 27.08.2017 18:01:01
2017-08-27 19:04:35,138 DEBUG - MsgCmdBlinkMessage DayOfWeek         : 0 (Sunday)
2017-08-27 19:04:35,139 DEBUG - MsgCmdBlinkMessage OutsideTemperature: 0x8000 (Invalid)
2017-08-27 19:04:35,140 DEBUG - MsgCmdBlinkMessage DateText          : Sunday, Aug 27, 2017
2017-08-27 19:04:35,141 DEBUG - -----------------------------------------------------------
2017-08-27 19:04:37,751 DEBUG - ICSPManager.OnDataReceived: 27 Bytes
2017-08-27 19:04:37,757 DEBUG - MsgCmdPingRequest: Dest=15000:1
2017-08-27 19:04:37,758 DEBUG - ICSPClient.Send[1]: MessageId=0x000B, Type=MsgCmdPingResponse
2017-08-27 19:04:37,759 DEBUG - ICSPClient.Send[2]: Source=15000:000:001, Dest=00000:000:000
2017-08-27 19:04:37,760 DEBUG - ICSPManager.OnDataReceived: 27 Bytes
2017-08-27 19:04:37,761 DEBUG - MsgCmdPingRequest: Dest=32002:1
2017-08-27 19:04:37,762 DEBUG - ICSPClient.Send[1]: MessageId=0x000C, Type=MsgCmdPingResponse
2017-08-27 19:04:37,762 DEBUG - ICSPClient.Send[2]: Source=32002:000:001, Dest=00000:000:000
2017-08-27 19:04:40,092 DEBUG - ICSPManager.OnDataReceived: 78 Bytes
2017-08-27 19:04:40,098 DEBUG - -----------------------------------------------------------
2017-08-27 19:04:40,099 DEBUG - ICSPMsg Type     : MsgCmdBlinkMessage
2017-08-27 19:04:40,100 DEBUG - ICSPMsg Protocol : 2
2017-08-27 19:04:40,101 DEBUG - ICSPMsg Length   : 74
2017-08-27 19:04:40,101 DEBUG - ICSPMsg Flag     : 513
2017-08-27 19:04:40,102 DEBUG - ICSPMsg Dest     : 00000:000:001
2017-08-27 19:04:40,102 DEBUG - ICSPMsg Source   : 00000:001:001
2017-08-27 19:04:40,103 DEBUG - ICSPMsg Hop      : 15
2017-08-27 19:04:40,103 DEBUG - ICSPMsg MessageId: 0x0000
2017-08-27 19:04:40,104 DEBUG - ICSPMsg Command  : 0x0502 (Blink Message)
2017-08-27 19:04:40,105 DEBUG - ICSPMsg Checksum : 0x008F (Valid)
2017-08-27 19:04:40,105 DEBUG - MsgCmdBlinkMessage HeartbeatTiming   : 50
2017-08-27 19:04:40,106 DEBUG - MsgCmdBlinkMessage LED               : 33 (LED On)
2017-08-27 19:04:40,106 DEBUG - MsgCmdBlinkMessage DateTime          : 27.08.2017 18:01:06
2017-08-27 19:04:40,107 DEBUG - MsgCmdBlinkMessage DayOfWeek         : 0 (Sunday)
2017-08-27 19:04:40,107 DEBUG - MsgCmdBlinkMessage OutsideTemperature: 0x8000 (Invalid)
2017-08-27 19:04:40,108 DEBUG - MsgCmdBlinkMessage DateText          : Sunday, Aug 27, 2017
2017-08-27 19:04:40,108 DEBUG - -----------------------------------------------------------
2017-08-27 19:04:43,952 DEBUG - ICSPManager.OnDataReceived: 27 Bytes
2017-08-27 19:04:43,953 DEBUG - MsgCmdPingRequest: Dest=15000:1
2017-08-27 19:04:43,953 DEBUG - ICSPClient.Send[1]: MessageId=0x000D, Type=MsgCmdPingResponse
2017-08-27 19:04:43,954 DEBUG - ICSPClient.Send[2]: Source=15000:000:001, Dest=00000:000:000
2017-08-27 19:04:43,956 DEBUG - ICSPManager.OnDataReceived: 27 Bytes
2017-08-27 19:04:43,956 DEBUG - MsgCmdPingRequest: Dest=32002:1
2017-08-27 19:04:43,957 DEBUG - ICSPClient.Send[1]: MessageId=0x000E, Type=MsgCmdPingResponse
2017-08-27 19:04:43,958 DEBUG - ICSPClient.Send[2]: Source=32002:000:001, Dest=00000:000:000
2017-08-27 19:04:43,961 INFO  - ShellApplication.OnApplicationExit: ICSP Control wurde beendet
